c:\users\jang\desktop\새 폴더 (9)\my\debug\vc142.pdb
c:\users\jang\desktop\새 폴더 (9)\my\debug\vc142.idb
c:\users\jang\desktop\새 폴더 (9)\my\debug\myview.obj
c:\users\jang\desktop\새 폴더 (9)\my\debug\clistensocket.obj
c:\users\jang\desktop\새 폴더 (9)\my\debug\connectnum.obj
c:\users\jang\desktop\새 폴더 (9)\my\debug\my.pch
c:\users\jang\desktop\새 폴더 (9)\my\debug\pch.obj
c:\users\jang\desktop\새 폴더 (9)\my\debug\mydoc.obj
c:\users\jang\desktop\새 폴더 (9)\my\debug\my.obj
c:\users\jang\desktop\새 폴더 (9)\my\debug\mainfrm.obj
c:\users\jang\desktop\새 폴더 (9)\my\debug\chuman.obj
c:\users\jang\desktop\새 폴더 (9)\my\debug\cchildsocket.obj
c:\users\jang\desktop\새 폴더 (9)\debug\my.exe
c:\users\jang\desktop\새 폴더 (9)\debug\my.ilk
c:\users\jang\desktop\새 폴더 (9)\debug\my.pdb
c:\users\jang\desktop\새 폴더 (9)\my\debug\my.res
c:\users\jang\desktop\새 폴더 (9)\my\debug\my.tlog\cl.command.1.tlog
c:\users\jang\desktop\새 폴더 (9)\my\debug\my.tlog\cl.read.1.tlog
c:\users\jang\desktop\새 폴더 (9)\my\debug\my.tlog\cl.write.1.tlog
c:\users\jang\desktop\새 폴더 (9)\my\debug\my.tlog\link.command.1.tlog
c:\users\jang\desktop\새 폴더 (9)\my\debug\my.tlog\link.read.1.tlog
c:\users\jang\desktop\새 폴더 (9)\my\debug\my.tlog\link.write.1.tlog
c:\users\jang\desktop\새 폴더 (9)\my\debug\my.tlog\rc.command.1.tlog
c:\users\jang\desktop\새 폴더 (9)\my\debug\my.tlog\rc.read.1.tlog
c:\users\jang\desktop\새 폴더 (9)\my\debug\my.tlog\rc.write.1.tlog
